<?xml version="1.0" encoding="UTF-8"?>
<testng-results ignored="0" total="2" passed="2" failed="0" skipped="0">
  <reporter-output>
  </reporter-output>
  <suite started-at="2024-02-09T21:54:47 PST" name="Default suite" finished-at="2024-02-09T21:54:47 PST" duration-ms="69">
    <groups>
    </groups>
    <test started-at="2024-02-09T21:54:47 PST" name="Default test" finished-at="2024-02-09T21:54:47 PST" duration-ms="69">
      <class name="january17.anotation1">
        <test-method is-config="true" signature="login()[pri:0, instance:january17.anotation1@4b5a5ed1]" started-at="2024-02-09T21:54:47 PST" name="login" finished-at="2024-02-09T21:54:47 PST" duration-ms="7" status="PASS">
          <reporter-output>
          </reporter-output>
        </test-method> <!-- login -->
        <test-method signature="advsearch()[pri:0, instance:january17.anotation1@4b5a5ed1]" started-at="2024-02-09T21:54:47 PST" name="advsearch" finished-at="2024-02-09T21:54:47 PST" duration-ms="7" status="PASS">
          <reporter-output>
          </reporter-output>
        </test-method> <!-- advsearch -->
        <test-method is-config="true" signature="logout()[pri:0, instance:january17.anotation1@4b5a5ed1]" started-at="2024-02-09T21:54:47 PST" name="logout" finished-at="2024-02-09T21:54:47 PST" duration-ms="1" status="PASS">
          <reporter-output>
          </reporter-output>
        </test-method> <!-- logout -->
        <test-method is-config="true" signature="login()[pri:0, instance:january17.anotation1@4b5a5ed1]" started-at="2024-02-09T21:54:47 PST" name="login" finished-at="2024-02-09T21:54:47 PST" duration-ms="0" status="PASS">
          <reporter-output>
          </reporter-output>
        </test-method> <!-- login -->
        <test-method signature="search()[pri:0, instance:january17.anotation1@4b5a5ed1]" started-at="2024-02-09T21:54:47 PST" name="search" finished-at="2024-02-09T21:54:47 PST" duration-ms="2" status="PASS">
          <reporter-output>
          </reporter-output>
        </test-method> <!-- search -->
        <test-method is-config="true" signature="logout()[pri:0, instance:january17.anotation1@4b5a5ed1]" started-at="2024-02-09T21:54:47 PST" name="logout" finished-at="2024-02-09T21:54:47 PST" duration-ms="1" status="PASS">
          <reporter-output>
          </reporter-output>
        </test-method> <!-- logout -->
      </class> <!-- january17.anotation1 -->
    </test> <!-- Default test -->
  </suite> <!-- Default suite -->
</testng-results>
