<?xml version="1.0" encoding="UTF-8"?>
<!-- Generated by org.testng.reporters.JUnitXMLReporter -->
<testsuite ignored="0" hostname="DESKTOP-820RSMG" failures="0" tests="4" name="Default test" time="3.83" errors="0" timestamp="2024-07-23T11:45:59 PDT">
  <testcase classname="day1.HTTPrequest" name="getUsers" time="2.12"/>
  <testcase classname="day1.HTTPrequest" name="createUser" time="0.756"/>
  <testcase classname="day1.HTTPrequest" name="updateuser" time="0.406"/>
  <testcase classname="day1.HTTPrequest" name="deleteuser" time="0.499"/>
</testsuite> <!-- Default test -->
