<?xml version="1.0" encoding="UTF-8"?>
<!-- Generated by org.testng.reporters.JUnitReportReporter -->
<testsuite hostname="DESKTOP-820RSMG" failures="0" tests="4" name="day1.HTTPrequest" time="3.781" errors="0" timestamp="2024-07-23T11:45:59 PDT" skipped="0">
  <testcase classname="day1.HTTPrequest" name="getUsers" time="2.120"/>
  <system-out/>
  <testcase classname="day1.HTTPrequest" name="createUser" time="0.756"/>
  <system-out/>
  <testcase classname="day1.HTTPrequest" name="updateuser" time="0.406"/>
  <system-out/>
  <testcase classname="day1.HTTPrequest" name="deleteuser" time="0.499"/>
  <system-out/>
</testsuite> <!-- day1.HTTPrequest -->
